<?xml version="1.0" encoding="UTF-8"?>
<!-- Generated by org.testng.reporters.JUnitXMLReporter -->
<testsuite ignored="1" hostname="Vaibhav" failures="0" tests="3" name="launchGoogleTest" time="10.548" errors="0" timestamp="2025-02-13T11:23:26 IST">
  <testcase classname="com.test.GoogleTest" name="login" time="4.515"/>
  <testcase classname="com.test.GoogleTest" name="testAdmin" time="1.724"/>
  <testcase classname="com.test.GoogleTest" name="testLogout" time="4.246"/>
  <testcase classname="com.test.GoogleTest" name="launchSauceDemo" time="0.0">
    <ignored/>
  </testcase> <!-- launchSauceDemo -->
</testsuite> <!-- launchGoogleTest -->
