<?xml version="1.0" encoding="UTF-8"?>
<!-- Generated by org.testng.reporters.JUnitXMLReporter -->
<testsuite ignored="2" hostname="Vaibhav" failures="0" tests="2" name="Test" time="5.551" errors="0" timestamp="2025-02-16T17:08:15 IST">
  <testcase classname="com.orange.hrm.test.LoginTest" name="LoginToAppWithValidCredentials" time="2.476"/>
  <testcase classname="com.orange.hrm.test.HomePageTest" name="LoginoutFromApp" time="3.037"/>
  <testcase classname="com.orange.hrm.test.BaseTest" name="@AfterSuite Cleanup" time="0.0">
    <ignored/>
  </testcase> <!-- @AfterSuite Cleanup -->
  <testcase classname="com.orange.hrm.test.BaseTest" name="@BeforeSuite initDriver" time="0.0">
    <ignored/>
  </testcase> <!-- @BeforeSuite initDriver -->
</testsuite> <!-- Test -->
