<?xml version="1.0" encoding="UTF-8"?>
<testng-results ignored="0" total="3" passed="3" failed="0" skipped="0">
  <reporter-output>
  </reporter-output>
  <suite started-at="2025-02-15T21:36:24 IST" name="Suite" finished-at="2025-02-15T21:36:35 IST" duration-ms="10785">
    <groups>
    </groups>
    <test started-at="2025-02-15T21:36:24 IST" name="launchGoogleTest" finished-at="2025-02-15T21:36:35 IST" duration-ms="10785">
      <class name="com.test.GoogleTest">
        <test-method signature="login()[pri:0, instance:com.test.GoogleTest@37052337]" started-at="2025-02-15T21:36:24 IST" name="login" finished-at="2025-02-15T21:36:29 IST" duration-ms="4840" status="PASS">
          <reporter-output>
          </reporter-output>
        </test-method> <!-- login -->
        <test-method signature="testAdmin()[pri:0, instance:com.test.GoogleTest@37052337]" started-at="2025-02-15T21:36:29 IST" name="testAdmin" finished-at="2025-02-15T21:36:31 IST" duration-ms="2057" status="PASS">
          <reporter-output>
          </reporter-output>
        </test-method> <!-- testAdmin -->
        <test-method signature="testLogout()[pri:0, instance:com.test.GoogleTest@37052337]" started-at="2025-02-15T21:36:31 IST" name="testLogout" finished-at="2025-02-15T21:36:35 IST" duration-ms="3833" status="PASS">
          <reporter-output>
          </reporter-output>
        </test-method> <!-- testLogout -->
      </class> <!-- com.test.GoogleTest -->
    </test> <!-- launchGoogleTest -->
  </suite> <!-- Suite -->
</testng-results>
