<?xml version="1.0" encoding="UTF-8"?>
<testng-results ignored="0" total="2" passed="2" failed="0" skipped="0">
  <reporter-output>
  </reporter-output>
  <suite started-at="2025-02-23T13:54:18 IST" name="Suite" finished-at="2025-02-23T13:54:24 IST" duration-ms="5788">
    <groups>
    </groups>
    <test started-at="2025-02-23T13:54:18 IST" name="Test" finished-at="2025-02-23T13:54:24 IST" duration-ms="5788">
      <class name="com.orange.hrm.test.LoginTest">
        <test-method is-config="true" signature="initDriver()[pri:0, instance:com.orange.hrm.test.LoginTest@2f4948e4]" started-at="2025-02-23T13:54:11 IST" name="initDriver" finished-at="2025-02-23T13:54:18 IST" duration-ms="7371" status="PASS">
          <reporter-output>
          </reporter-output>
        </test-method> <!-- initDriver -->
        <test-method signature="LoginToAppWithValidCredentials()[pri:0, instance:com.orange.hrm.test.LoginTest@2f4948e4]" started-at="2025-02-23T13:54:18 IST" name="LoginToAppWithValidCredentials" finished-at="2025-02-23T13:54:21 IST" duration-ms="2694" status="PASS">
          <reporter-output>
          </reporter-output>
        </test-method> <!-- LoginToAppWithValidCredentials -->
        <test-method is-config="true" signature="Cleanup()[pri:0, instance:com.orange.hrm.test.LoginTest@2f4948e4]" started-at="2025-02-23T13:54:25 IST" name="Cleanup" finished-at="2025-02-23T13:54:25 IST" duration-ms="237" status="PASS">
          <reporter-output>
          </reporter-output>
        </test-method> <!-- Cleanup -->
      </class> <!-- com.orange.hrm.test.LoginTest -->
      <class name="com.orange.hrm.test.HomePageTest">
        <test-method signature="LoginoutFromApp()[pri:0, instance:com.orange.hrm.test.HomePageTest@385c9627]" started-at="2025-02-23T13:54:21 IST" name="LoginoutFromApp" finished-at="2025-02-23T13:54:24 IST" duration-ms="3057" status="PASS">
          <reporter-output>
          </reporter-output>
        </test-method> <!-- LoginoutFromApp -->
      </class> <!-- com.orange.hrm.test.HomePageTest -->
    </test> <!-- Test -->
  </suite> <!-- Suite -->
</testng-results>
