<?xml version="1.0" encoding="UTF-8"?>
<testng-results ignored="0" total="2" passed="2" failed="0" skipped="0">
  <reporter-output>
  </reporter-output>
  <suite started-at="2025-02-16T17:08:09 IST" name="Suite" finished-at="2025-02-16T17:08:15 IST" duration-ms="5551">
    <groups>
    </groups>
    <test started-at="2025-02-16T17:08:09 IST" name="Test" finished-at="2025-02-16T17:08:15 IST" duration-ms="5551">
      <class name="com.orange.hrm.test.LoginTest">
        <test-method is-config="true" signature="initDriver()[pri:0, instance:com.orange.hrm.test.LoginTest@2f4948e4]" started-at="2025-02-16T17:08:05 IST" name="initDriver" finished-at="2025-02-16T17:08:09 IST" duration-ms="4517" status="PASS">
          <reporter-output>
          </reporter-output>
        </test-method> <!-- initDriver -->
        <test-method signature="LoginToAppWithValidCredentials()[pri:0, instance:com.orange.hrm.test.LoginTest@2f4948e4]" started-at="2025-02-16T17:08:09 IST" name="LoginToAppWithValidCredentials" finished-at="2025-02-16T17:08:12 IST" duration-ms="2476" status="PASS">
          <reporter-output>
          </reporter-output>
        </test-method> <!-- LoginToAppWithValidCredentials -->
        <test-method is-config="true" signature="Cleanup()[pri:0, instance:com.orange.hrm.test.LoginTest@2f4948e4]" started-at="2025-02-16T17:08:15 IST" name="Cleanup" finished-at="2025-02-16T17:08:16 IST" duration-ms="263" status="PASS">
          <reporter-output>
          </reporter-output>
        </test-method> <!-- Cleanup -->
      </class> <!-- com.orange.hrm.test.LoginTest -->
      <class name="com.orange.hrm.test.HomePageTest">
        <test-method signature="LoginoutFromApp()[pri:0, instance:com.orange.hrm.test.HomePageTest@385c9627]" started-at="2025-02-16T17:08:12 IST" name="LoginoutFromApp" finished-at="2025-02-16T17:08:15 IST" duration-ms="3037" status="PASS">
          <reporter-output>
          </reporter-output>
        </test-method> <!-- LoginoutFromApp -->
      </class> <!-- com.orange.hrm.test.HomePageTest -->
    </test> <!-- Test -->
  </suite> <!-- Suite -->
</testng-results>
